C51 COMPILER V9.53.0.0   7_SEGMENT_0_9                                                     12/19/2018 16:00:49 PAGE 1   


C51 COMPILER V9.53.0.0, COMPILATION OF MODULE 7_SEGMENT_0_9
OBJECT MODULE PLACED IN 7_SEGMENT_0-9.OBJ
COMPILER INVOKED BY: C:\Keil_v5\C51\BIN\C51.EXE 7_SEGMENT_0-9.c OPTIMIZE(8,SPEED) BROWSE DEBUG OBJECTEXTEND TABS(2)

line level    source

   1          #include<reg51.h>
   2          #include "8051_delay.h"
   3          
   4          char DIG[10] = {0x3f,0x06,0x5b,0x4f,0x66,0x6d,0x7d,0x07,0xff,0x67};     //comman cathode type;
   5          //char DIG[10]={0xC0,0xF9,0xA4,0xB0,0x99,0x92,0x82,0xF8,0x80,0x90};     //comman anode type;
   6          
   7          int Count;
   8          
   9          void main()
  10          {
  11   1        P2 = 0x00;
  12   1        
  13   1        while(1)
  14   1        {
  15   2          P2 = DIG[Count];
  16   2          delay(1000);
  17   2          Count++;
  18   2          if(Count >= 10)
  19   2          {
  20   3            Count = 0;
  21   3          }
  22   2        }
  23   1      }


MODULE INFORMATION:   STATIC OVERLAYABLE
   CODE SIZE        =     82    ----
   CONSTANT SIZE    =   ----    ----
   XDATA SIZE       =   ----    ----
   PDATA SIZE       =   ----    ----
   DATA SIZE        =     12    ----
   IDATA SIZE       =   ----    ----
   BIT SIZE         =   ----    ----
END OF MODULE INFORMATION.


C51 COMPILATION COMPLETE.  0 WARNING(S),  0 ERROR(S)
